2024-12-21 08:34:30 [INFO]: Initiating payment for Miracle Emmanuel. CartID: 75325704-3ba9-4aec-94c4-d4b2359ea57c, Amount: ₦5405.4, Email: officialmico500@gmail.com
2024-12-21 08:34:31 [INFO]: Payment URL generated successfully for Miracle Emmanuel: https://checkout.paystack.com/2jr53twd831z9ap
2024-12-21 08:35:33 [INFO]: Initiating payment for Miracle Emmanuel. CartID: a2b20a04-9ad5-4965-a862-f94b204562fd, Amount: ₦5405.4, Email: officialmico500@gmail.com
2024-12-21 08:35:33 [INFO]: Payment URL generated successfully for Miracle Emmanuel: https://checkout.paystack.com/tmqjt0oa4987n4s
2024-12-21 08:37:03 [INFO]: Received Paystack webhook with event: undefined
2024-12-21 08:37:03 [ERROR]: Webhook signature mismatch
2024-12-21 08:37:03 [ERROR]: Error: Unauthorized
    at handleWebhook (C:\Users\HP\Documents\GitHub\workingtestv2\controllers\PaymentController.js:62:11)
    at C:\Users\HP\Documents\GitHub\workingtestv2\routes\PaymentRoutes.js:35:11
    at Layer.handle [as handle_request] (C:\Users\HP\Documents\GitHub\workingtestv2\node_modules\express\lib\router\layer.js:95:5)
    at next (C:\Users\HP\Documents\GitHub\workingtestv2\node_modules\express\lib\router\route.js:149:13)
    at Route.dispatch (C:\Users\HP\Documents\GitHub\workingtestv2\node_modules\express\lib\router\route.js:119:3)
    at Layer.handle [as handle_request] (C:\Users\HP\Documents\GitHub\workingtestv2\node_modules\express\lib\router\layer.js:95:5)
    at C:\Users\HP\Documents\GitHub\workingtestv2\node_modules\express\lib\router\index.js:284:15
    at Function.process_params (C:\Users\HP\Documents\GitHub\workingtestv2\node_modules\express\lib\router\index.js:346:12)
    at next (C:\Users\HP\Documents\GitHub\workingtestv2\node_modules\express\lib\router\index.js:280:10)
    at Function.handle (C:\Users\HP\Documents\GitHub\workingtestv2\node_modules\express\lib\router\index.js:175:3)
2024-12-21 08:39:59 [INFO]: Initiating payment for Miracle Emmanuel. CartID: eb73a8cc-5476-454b-b441-2a40941660f9, Amount: ₦5405.4, Email: officialmico500@gmail.com
2024-12-21 08:40:00 [INFO]: Payment URL generated successfully for Miracle Emmanuel: https://checkout.paystack.com/6bxdrpyyo74il9n
2024-12-21 08:46:42 [INFO]: Initiating payment for Miracle Emmanuel. CartID: e482f9d1-b902-435d-8600-89331b90d80c, Amount: ₦5405.4, Email: officialmico500@gmail.com
2024-12-21 08:46:43 [INFO]: Payment URL generated successfully for Miracle Emmanuel: https://checkout.paystack.com/vjbzkbpm2fd8e71
2024-12-21 08:47:37 [INFO]: Received Paystack webhook with event: undefined
2024-12-21 08:47:37 [ERROR]: Webhook signature mismatch
2024-12-21 08:47:37 [ERROR]: Error: Unauthorized
    at handleWebhook (C:\Users\HP\Documents\GitHub\workingtestv2\controllers\PaymentController.js:62:11)
    at C:\Users\HP\Documents\GitHub\workingtestv2\routes\PaymentRoutes.js:35:11
    at Layer.handle [as handle_request] (C:\Users\HP\Documents\GitHub\workingtestv2\node_modules\express\lib\router\layer.js:95:5)
    at next (C:\Users\HP\Documents\GitHub\workingtestv2\node_modules\express\lib\router\route.js:149:13)
    at Route.dispatch (C:\Users\HP\Documents\GitHub\workingtestv2\node_modules\express\lib\router\route.js:119:3)
    at Layer.handle [as handle_request] (C:\Users\HP\Documents\GitHub\workingtestv2\node_modules\express\lib\router\layer.js:95:5)
    at C:\Users\HP\Documents\GitHub\workingtestv2\node_modules\express\lib\router\index.js:284:15
    at Function.process_params (C:\Users\HP\Documents\GitHub\workingtestv2\node_modules\express\lib\router\index.js:346:12)
    at next (C:\Users\HP\Documents\GitHub\workingtestv2\node_modules\express\lib\router\index.js:280:10)
    at Function.handle (C:\Users\HP\Documents\GitHub\workingtestv2\node_modules\express\lib\router\index.js:175:3)
2024-12-21 09:04:14 [INFO]: Received Paystack webhook event
2024-12-21 09:04:14 [ERROR]: Webhook signature mismatch
2024-12-21 09:04:14 [ERROR]: Error: Unauthorized
    at handleWebhook (C:\Users\HP\Documents\GitHub\workingtestv2\controllers\PaymentController.js:62:11)
    at C:\Users\HP\Documents\GitHub\workingtestv2\routes\PaymentRoutes.js:36:11
    at Layer.handle [as handle_request] (C:\Users\HP\Documents\GitHub\workingtestv2\node_modules\express\lib\router\layer.js:95:5)
    at next (C:\Users\HP\Documents\GitHub\workingtestv2\node_modules\express\lib\router\route.js:149:13)
    at Route.dispatch (C:\Users\HP\Documents\GitHub\workingtestv2\node_modules\express\lib\router\route.js:119:3)
    at Layer.handle [as handle_request] (C:\Users\HP\Documents\GitHub\workingtestv2\node_modules\express\lib\router\layer.js:95:5)
    at C:\Users\HP\Documents\GitHub\workingtestv2\node_modules\express\lib\router\index.js:284:15
    at Function.process_params (C:\Users\HP\Documents\GitHub\workingtestv2\node_modules\express\lib\router\index.js:346:12)
    at next (C:\Users\HP\Documents\GitHub\workingtestv2\node_modules\express\lib\router\index.js:280:10)
    at Function.handle (C:\Users\HP\Documents\GitHub\workingtestv2\node_modules\express\lib\router\index.js:175:3)
2024-12-21 09:05:55 [INFO]: Received Paystack webhook event
2024-12-21 09:05:55 [ERROR]: Webhook signature mismatch
2024-12-21 09:05:55 [ERROR]: Error: Unauthorized
    at handleWebhook (C:\Users\HP\Documents\GitHub\workingtestv2\controllers\PaymentController.js:62:11)
    at C:\Users\HP\Documents\GitHub\workingtestv2\routes\PaymentRoutes.js:36:11
    at Layer.handle [as handle_request] (C:\Users\HP\Documents\GitHub\workingtestv2\node_modules\express\lib\router\layer.js:95:5)
    at next (C:\Users\HP\Documents\GitHub\workingtestv2\node_modules\express\lib\router\route.js:149:13)
    at Route.dispatch (C:\Users\HP\Documents\GitHub\workingtestv2\node_modules\express\lib\router\route.js:119:3)
    at Layer.handle [as handle_request] (C:\Users\HP\Documents\GitHub\workingtestv2\node_modules\express\lib\router\layer.js:95:5)
    at C:\Users\HP\Documents\GitHub\workingtestv2\node_modules\express\lib\router\index.js:284:15
    at Function.process_params (C:\Users\HP\Documents\GitHub\workingtestv2\node_modules\express\lib\router\index.js:346:12)
    at next (C:\Users\HP\Documents\GitHub\workingtestv2\node_modules\express\lib\router\index.js:280:10)
    at Function.handle (C:\Users\HP\Documents\GitHub\workingtestv2\node_modules\express\lib\router\index.js:175:3)
2024-12-21 10:41:51 [ERROR]: TypeError: Cannot destructure property 'items' of 'req.body' as it is undefined.
    at createCart (C:\Users\HP\Documents\GitHub\workingtestv2\controllers\cartController.js:20:13)
    at Layer.handle [as handle_request] (C:\Users\HP\Documents\GitHub\workingtestv2\node_modules\express\lib\router\layer.js:95:5)
    at next (C:\Users\HP\Documents\GitHub\workingtestv2\node_modules\express\lib\router\route.js:149:13)
    at exports.protect (C:\Users\HP\Documents\GitHub\workingtestv2\middleware\authMiddleware.js:30:5)
    at process.processTicksAndRejections (node:internal/process/task_queues:105:5)
2024-12-21 10:42:41 [INFO]: Initiating payment for Miracle Emmanuel. CartID: 7e534635-01e9-49f8-8121-34e19af99b4d, Amount: ₦5405.4, Email: officialmico500@gmail.com
2024-12-21 10:42:42 [INFO]: Payment URL generated successfully for Miracle Emmanuel: https://checkout.paystack.com/pk5hdz5ybir5k1a
