2024-12-20 05:26:57 [ERROR]: ValidationError: Cart validation failed: items.0.price: Path `price` is required.
    at Document.invalidate (C:\Users\HP\Documents\GitHub\workingtest\node_modules\mongoose\lib\document.js:3318:32)
    at Subdocument.invalidate (C:\Users\HP\Documents\GitHub\workingtest\node_modules\mongoose\lib\types\subdocument.js:229:12)
    at C:\Users\HP\Documents\GitHub\workingtest\node_modules\mongoose\lib\document.js:3079:17
    at C:\Users\HP\Documents\GitHub\workingtest\node_modules\mongoose\lib\schemaType.js:1388:9
    at process.processTicksAndRejections (node:internal/process/task_queues:85:11)
2024-12-20 05:30:45 [ERROR]: MongoServerError: E11000 duplicate key error collection: test.carts index: items.cartId_1 dup key: { items.cartId: null }
    at InsertOneOperation.execute (C:\Users\HP\Documents\GitHub\workingtest\node_modules\mongoose\node_modules\mongodb\lib\operations\insert.js:51:19)
    at process.processTicksAndRejections (node:internal/process/task_queues:105:5)
    at async tryOperation (C:\Users\HP\Documents\GitHub\workingtest\node_modules\mongoose\node_modules\mongodb\lib\operations\execute_operation.js:199:20)
    at async executeOperation (C:\Users\HP\Documents\GitHub\workingtest\node_modules\mongoose\node_modules\mongodb\lib\operations\execute_operation.js:69:16)
    at async Collection.insertOne (C:\Users\HP\Documents\GitHub\workingtest\node_modules\mongoose\node_modules\mongodb\lib\collection.js:154:16)
2024-12-20 05:37:27 [ERROR]: MongoServerError: E11000 duplicate key error collection: test.carts index: items.cartId_1 dup key: { items.cartId: null }
    at InsertOneOperation.execute (C:\Users\HP\Documents\GitHub\workingtest\node_modules\mongoose\node_modules\mongodb\lib\operations\insert.js:51:19)
    at process.processTicksAndRejections (node:internal/process/task_queues:105:5)
    at async tryOperation (C:\Users\HP\Documents\GitHub\workingtest\node_modules\mongoose\node_modules\mongodb\lib\operations\execute_operation.js:199:20)
    at async executeOperation (C:\Users\HP\Documents\GitHub\workingtest\node_modules\mongoose\node_modules\mongodb\lib\operations\execute_operation.js:69:16)
    at async Collection.insertOne (C:\Users\HP\Documents\GitHub\workingtest\node_modules\mongoose\node_modules\mongodb\lib\collection.js:154:16)
2024-12-20 05:43:35 [ERROR]: MongoServerError: E11000 duplicate key error collection: test.carts index: items.cartId_1 dup key: { items.cartId: null }
    at InsertOneOperation.execute (C:\Users\HP\Documents\GitHub\workingtest\node_modules\mongoose\node_modules\mongodb\lib\operations\insert.js:51:19)
    at process.processTicksAndRejections (node:internal/process/task_queues:105:5)
    at async tryOperation (C:\Users\HP\Documents\GitHub\workingtest\node_modules\mongoose\node_modules\mongodb\lib\operations\execute_operation.js:199:20)
    at async executeOperation (C:\Users\HP\Documents\GitHub\workingtest\node_modules\mongoose\node_modules\mongodb\lib\operations\execute_operation.js:69:16)
    at async Collection.insertOne (C:\Users\HP\Documents\GitHub\workingtest\node_modules\mongoose\node_modules\mongodb\lib\collection.js:154:16)
2024-12-20 21:01:11 [ERROR]: Error processing Paystack webhook:
2024-12-20 21:08:53 [ERROR]: Webhook signature mismatch
2024-12-20 21:08:53 [ERROR]: Error processing Paystack webhook:
2024-12-20 21:30:35 [ERROR]: Webhook signature mismatch
2024-12-20 21:30:35 [ERROR]: Error processing Paystack webhook:
2024-12-20 21:46:08 [ERROR]: Webhook signature mismatch
2024-12-20 21:46:08 [ERROR]: Error: Unauthorized
    at handleWebhook (C:\Users\HP\Documents\GitHub\workingtestv2\controllers\PaymentController.js:62:11)
    at C:\Users\HP\Documents\GitHub\workingtestv2\routes\PaymentRoutes.js:35:11
    at Layer.handle [as handle_request] (C:\Users\HP\Documents\GitHub\workingtestv2\node_modules\express\lib\router\layer.js:95:5)
    at next (C:\Users\HP\Documents\GitHub\workingtestv2\node_modules\express\lib\router\route.js:149:13)
    at Route.dispatch (C:\Users\HP\Documents\GitHub\workingtestv2\node_modules\express\lib\router\route.js:119:3)
    at Layer.handle [as handle_request] (C:\Users\HP\Documents\GitHub\workingtestv2\node_modules\express\lib\router\layer.js:95:5)
    at C:\Users\HP\Documents\GitHub\workingtestv2\node_modules\express\lib\router\index.js:284:15
    at Function.process_params (C:\Users\HP\Documents\GitHub\workingtestv2\node_modules\express\lib\router\index.js:346:12)
    at next (C:\Users\HP\Documents\GitHub\workingtestv2\node_modules\express\lib\router\index.js:280:10)
    at Function.handle (C:\Users\HP\Documents\GitHub\workingtestv2\node_modules\express\lib\router\index.js:175:3)
