2024-12-21 08:37:03 [ERROR]: Webhook signature mismatch
2024-12-21 08:37:03 [ERROR]: Error: Unauthorized
    at handleWebhook (C:\Users\HP\Documents\GitHub\workingtestv2\controllers\PaymentController.js:62:11)
    at C:\Users\HP\Documents\GitHub\workingtestv2\routes\PaymentRoutes.js:35:11
    at Layer.handle [as handle_request] (C:\Users\HP\Documents\GitHub\workingtestv2\node_modules\express\lib\router\layer.js:95:5)
    at next (C:\Users\HP\Documents\GitHub\workingtestv2\node_modules\express\lib\router\route.js:149:13)
    at Route.dispatch (C:\Users\HP\Documents\GitHub\workingtestv2\node_modules\express\lib\router\route.js:119:3)
    at Layer.handle [as handle_request] (C:\Users\HP\Documents\GitHub\workingtestv2\node_modules\express\lib\router\layer.js:95:5)
    at C:\Users\HP\Documents\GitHub\workingtestv2\node_modules\express\lib\router\index.js:284:15
    at Function.process_params (C:\Users\HP\Documents\GitHub\workingtestv2\node_modules\express\lib\router\index.js:346:12)
    at next (C:\Users\HP\Documents\GitHub\workingtestv2\node_modules\express\lib\router\index.js:280:10)
    at Function.handle (C:\Users\HP\Documents\GitHub\workingtestv2\node_modules\express\lib\router\index.js:175:3)
2024-12-21 08:47:37 [ERROR]: Webhook signature mismatch
2024-12-21 08:47:37 [ERROR]: Error: Unauthorized
    at handleWebhook (C:\Users\HP\Documents\GitHub\workingtestv2\controllers\PaymentController.js:62:11)
    at C:\Users\HP\Documents\GitHub\workingtestv2\routes\PaymentRoutes.js:35:11
    at Layer.handle [as handle_request] (C:\Users\HP\Documents\GitHub\workingtestv2\node_modules\express\lib\router\layer.js:95:5)
    at next (C:\Users\HP\Documents\GitHub\workingtestv2\node_modules\express\lib\router\route.js:149:13)
    at Route.dispatch (C:\Users\HP\Documents\GitHub\workingtestv2\node_modules\express\lib\router\route.js:119:3)
    at Layer.handle [as handle_request] (C:\Users\HP\Documents\GitHub\workingtestv2\node_modules\express\lib\router\layer.js:95:5)
    at C:\Users\HP\Documents\GitHub\workingtestv2\node_modules\express\lib\router\index.js:284:15
    at Function.process_params (C:\Users\HP\Documents\GitHub\workingtestv2\node_modules\express\lib\router\index.js:346:12)
    at next (C:\Users\HP\Documents\GitHub\workingtestv2\node_modules\express\lib\router\index.js:280:10)
    at Function.handle (C:\Users\HP\Documents\GitHub\workingtestv2\node_modules\express\lib\router\index.js:175:3)
2024-12-21 09:04:14 [ERROR]: Webhook signature mismatch
2024-12-21 09:04:14 [ERROR]: Error: Unauthorized
    at handleWebhook (C:\Users\HP\Documents\GitHub\workingtestv2\controllers\PaymentController.js:62:11)
    at C:\Users\HP\Documents\GitHub\workingtestv2\routes\PaymentRoutes.js:36:11
    at Layer.handle [as handle_request] (C:\Users\HP\Documents\GitHub\workingtestv2\node_modules\express\lib\router\layer.js:95:5)
    at next (C:\Users\HP\Documents\GitHub\workingtestv2\node_modules\express\lib\router\route.js:149:13)
    at Route.dispatch (C:\Users\HP\Documents\GitHub\workingtestv2\node_modules\express\lib\router\route.js:119:3)
    at Layer.handle [as handle_request] (C:\Users\HP\Documents\GitHub\workingtestv2\node_modules\express\lib\router\layer.js:95:5)
    at C:\Users\HP\Documents\GitHub\workingtestv2\node_modules\express\lib\router\index.js:284:15
    at Function.process_params (C:\Users\HP\Documents\GitHub\workingtestv2\node_modules\express\lib\router\index.js:346:12)
    at next (C:\Users\HP\Documents\GitHub\workingtestv2\node_modules\express\lib\router\index.js:280:10)
    at Function.handle (C:\Users\HP\Documents\GitHub\workingtestv2\node_modules\express\lib\router\index.js:175:3)
2024-12-21 09:05:55 [ERROR]: Webhook signature mismatch
2024-12-21 09:05:55 [ERROR]: Error: Unauthorized
    at handleWebhook (C:\Users\HP\Documents\GitHub\workingtestv2\controllers\PaymentController.js:62:11)
    at C:\Users\HP\Documents\GitHub\workingtestv2\routes\PaymentRoutes.js:36:11
    at Layer.handle [as handle_request] (C:\Users\HP\Documents\GitHub\workingtestv2\node_modules\express\lib\router\layer.js:95:5)
    at next (C:\Users\HP\Documents\GitHub\workingtestv2\node_modules\express\lib\router\route.js:149:13)
    at Route.dispatch (C:\Users\HP\Documents\GitHub\workingtestv2\node_modules\express\lib\router\route.js:119:3)
    at Layer.handle [as handle_request] (C:\Users\HP\Documents\GitHub\workingtestv2\node_modules\express\lib\router\layer.js:95:5)
    at C:\Users\HP\Documents\GitHub\workingtestv2\node_modules\express\lib\router\index.js:284:15
    at Function.process_params (C:\Users\HP\Documents\GitHub\workingtestv2\node_modules\express\lib\router\index.js:346:12)
    at next (C:\Users\HP\Documents\GitHub\workingtestv2\node_modules\express\lib\router\index.js:280:10)
    at Function.handle (C:\Users\HP\Documents\GitHub\workingtestv2\node_modules\express\lib\router\index.js:175:3)
2024-12-21 10:41:51 [ERROR]: TypeError: Cannot destructure property 'items' of 'req.body' as it is undefined.
    at createCart (C:\Users\HP\Documents\GitHub\workingtestv2\controllers\cartController.js:20:13)
    at Layer.handle [as handle_request] (C:\Users\HP\Documents\GitHub\workingtestv2\node_modules\express\lib\router\layer.js:95:5)
    at next (C:\Users\HP\Documents\GitHub\workingtestv2\node_modules\express\lib\router\route.js:149:13)
    at exports.protect (C:\Users\HP\Documents\GitHub\workingtestv2\middleware\authMiddleware.js:30:5)
    at process.processTicksAndRejections (node:internal/process/task_queues:105:5)
